<?xml version="1.0" encoding="UTF-8"?>
<!-- Generated by org.testng.reporters.JUnitReportReporter -->
<testsuite hostname="LAPTOP-G457OLQ6" failures="0" tests="3" name="testRunner.TestRun2" time="23.692" errors="0" timestamp="2025-09-13T18:41:06 IST" skipped="0">
  <testcase classname="testRunner.TestRun2" name="runScenario" time="7.964"/>
  <testcase classname="testRunner.TestRun2" name="runScenario" time="6.493"/>
  <testcase classname="testRunner.TestRun2" name="runScenario" time="9.235"/>
</testsuite> <!-- testRunner.TestRun2 -->
